Analysis & Synthesis report for MemoriaRAM_ROM
Sat May 02 17:01:02 2026
Quartus II 64-Bit Version 13.1.0 Build 162 10/23/2013 SJ Web Edition


---------------------
; Table of Contents ;
---------------------
  1. Legal Notice
  2. Analysis & Synthesis Summary
  3. Analysis & Synthesis Settings
  4. Parallel Compilation
  5. Analysis & Synthesis Source Files Read
  6. Analysis & Synthesis Resource Usage Summary
  7. Analysis & Synthesis Resource Utilization by Entity
  8. Analysis & Synthesis RAM Summary
  9. State Machine - |memory_system_top|memory_controller:u_ctrl|state
 10. General Register Statistics
 11. Registers Added for RAM Pass-Through Logic
 12. Multiplexer Restructuring Statistics (Restructuring Performed)
 13. Source assignments for memory_controller:u_ctrl|ram_sincrona:u_ram|altsyncram:mem_rtl_0|altsyncram_aki1:auto_generated
 14. Parameter Settings for User Entity Instance: memory_controller:u_ctrl|ram_sincrona:u_ram
 15. Parameter Settings for Inferred Entity Instance: memory_controller:u_ctrl|ram_sincrona:u_ram|altsyncram:mem_rtl_0
 16. altsyncram Parameter Settings by Entity Instance
 17. Elapsed Time Per Partition
 18. Analysis & Synthesis Messages



----------------
; Legal Notice ;
----------------
Copyright (C) 1991-2013 Altera Corporation
Your use of Altera Corporation's design tools, logic functions 
and other software and tools, and its AMPP partner logic 
functions, and any output files from any of the foregoing 
(including device programming or simulation files), and any 
associated documentation or information are expressly subject 
to the terms and conditions of the Altera Program License 
Subscription Agreement, Altera MegaCore Function License 
Agreement, or other applicable license agreement, including, 
without limitation, that your use is for the sole purpose of 
programming logic devices manufactured by Altera and sold by 
Altera or its authorized distributors.  Please refer to the 
applicable agreement for further details.



+---------------------------------------------------------------------------------+
; Analysis & Synthesis Summary                                                    ;
+------------------------------------+--------------------------------------------+
; Analysis & Synthesis Status        ; Successful - Sat May 02 17:01:01 2026      ;
; Quartus II 64-Bit Version          ; 13.1.0 Build 162 10/23/2013 SJ Web Edition ;
; Revision Name                      ; MemoriaRAM_ROM                             ;
; Top-level Entity Name              ; memory_system_top                          ;
; Family                             ; Cyclone III                                ;
; Total logic elements               ; 102                                        ;
;     Total combinational functions  ; 77                                         ;
;     Dedicated logic registers      ; 72                                         ;
; Total registers                    ; 72                                         ;
; Total pins                         ; 39                                         ;
; Total virtual pins                 ; 0                                          ;
; Total memory bits                  ; 128                                        ;
; Embedded Multiplier 9-bit elements ; 0                                          ;
; Total PLLs                         ; 0                                          ;
+------------------------------------+--------------------------------------------+


+----------------------------------------------------------------------------------------------------------------------+
; Analysis & Synthesis Settings                                                                                        ;
+----------------------------------------------------------------------------+--------------------+--------------------+
; Option                                                                     ; Setting            ; Default Value      ;
+----------------------------------------------------------------------------+--------------------+--------------------+
; Device                                                                     ; EP3C16F484C6       ;                    ;
; Top-level entity name                                                      ; memory_system_top  ; MemoriaRAM_ROM     ;
; Family name                                                                ; Cyclone III        ; Cyclone IV GX      ;
; Use smart compilation                                                      ; Off                ; Off                ;
; Enable parallel Assembler and TimeQuest Timing Analyzer during compilation ; On                 ; On                 ;
; Enable compact report table                                                ; Off                ; Off                ;
; Restructure Multiplexers                                                   ; Auto               ; Auto               ;
; Create Debugging Nodes for IP Cores                                        ; Off                ; Off                ;
; Preserve fewer node names                                                  ; On                 ; On                 ;
; Disable OpenCore Plus hardware evaluation                                  ; Off                ; Off                ;
; Verilog Version                                                            ; Verilog_2001       ; Verilog_2001       ;
; VHDL Version                                                               ; VHDL_1993          ; VHDL_1993          ;
; State Machine Processing                                                   ; Auto               ; Auto               ;
; Safe State Machine                                                         ; Off                ; Off                ;
; Extract Verilog State Machines                                             ; On                 ; On                 ;
; Extract VHDL State Machines                                                ; On                 ; On                 ;
; Ignore Verilog initial constructs                                          ; Off                ; Off                ;
; Iteration limit for constant Verilog loops                                 ; 5000               ; 5000               ;
; Iteration limit for non-constant Verilog loops                             ; 250                ; 250                ;
; Add Pass-Through Logic to Inferred RAMs                                    ; On                 ; On                 ;
; Infer RAMs from Raw Logic                                                  ; On                 ; On                 ;
; Parallel Synthesis                                                         ; On                 ; On                 ;
; DSP Block Balancing                                                        ; Auto               ; Auto               ;
; NOT Gate Push-Back                                                         ; On                 ; On                 ;
; Power-Up Don't Care                                                        ; On                 ; On                 ;
; Remove Redundant Logic Cells                                               ; Off                ; Off                ;
; Remove Duplicate Registers                                                 ; On                 ; On                 ;
; Ignore CARRY Buffers                                                       ; Off                ; Off                ;
; Ignore CASCADE Buffers                                                     ; Off                ; Off                ;
; Ignore GLOBAL Buffers                                                      ; Off                ; Off                ;
; Ignore ROW GLOBAL Buffers                                                  ; Off                ; Off                ;
; Ignore LCELL Buffers                                                       ; Off                ; Off                ;
; Ignore SOFT Buffers                                                        ; On                 ; On                 ;
; Limit AHDL Integers to 32 Bits                                             ; Off                ; Off                ;
; Optimization Technique                                                     ; Balanced           ; Balanced           ;
; Carry Chain Length                                                         ; 70                 ; 70                 ;
; Auto Carry Chains                                                          ; On                 ; On                 ;
; Auto Open-Drain Pins                                                       ; On                 ; On                 ;
; Perform WYSIWYG Primitive Resynthesis                                      ; Off                ; Off                ;
; Auto ROM Replacement                                                       ; On                 ; On                 ;
; Auto RAM Replacement                                                       ; On                 ; On                 ;
; Auto DSP Block Replacement                                                 ; On                 ; On                 ;
; Auto Shift Register Replacement                                            ; Auto               ; Auto               ;
; Allow Shift Register Merging across Hierarchies                            ; Auto               ; Auto               ;
; Auto Clock Enable Replacement                                              ; On                 ; On                 ;
; Strict RAM Replacement                                                     ; Off                ; Off                ;
; Allow Synchronous Control Signals                                          ; On                 ; On                 ;
; Force Use of Synchronous Clear Signals                                     ; Off                ; Off                ;
; Auto RAM Block Balancing                                                   ; On                 ; On                 ;
; Auto RAM to Logic Cell Conversion                                          ; Off                ; Off                ;
; Auto Resource Sharing                                                      ; Off                ; Off                ;
; Allow Any RAM Size For Recognition                                         ; Off                ; Off                ;
; Allow Any ROM Size For Recognition                                         ; Off                ; Off                ;
; Allow Any Shift Register Size For Recognition                              ; Off                ; Off                ;
; Use LogicLock Constraints during Resource Balancing                        ; On                 ; On                 ;
; Ignore translate_off and synthesis_off directives                          ; Off                ; Off                ;
; Timing-Driven Synthesis                                                    ; On                 ; On                 ;
; Report Parameter Settings                                                  ; On                 ; On                 ;
; Report Source Assignments                                                  ; On                 ; On                 ;
; Report Connectivity Checks                                                 ; On                 ; On                 ;
; Ignore Maximum Fan-Out Assignments                                         ; Off                ; Off                ;
; Synchronization Register Chain Length                                      ; 2                  ; 2                  ;
; PowerPlay Power Optimization                                               ; Normal compilation ; Normal compilation ;
; HDL message level                                                          ; Level2             ; Level2             ;
; Suppress Register Optimization Related Messages                            ; Off                ; Off                ;
; Number of Removed Registers Reported in Synthesis Report                   ; 5000               ; 5000               ;
; Number of Swept Nodes Reported in Synthesis Report                         ; 5000               ; 5000               ;
; Number of Inverted Registers Reported in Synthesis Report                  ; 100                ; 100                ;
; Clock MUX Protection                                                       ; On                 ; On                 ;
; Auto Gated Clock Conversion                                                ; Off                ; Off                ;
; Block Design Naming                                                        ; Auto               ; Auto               ;
; SDC constraint protection                                                  ; Off                ; Off                ;
; Synthesis Effort                                                           ; Auto               ; Auto               ;
; Shift Register Replacement - Allow Asynchronous Clear Signal               ; On                 ; On                 ;
; Pre-Mapping Resynthesis Optimization                                       ; Off                ; Off                ;
; Analysis & Synthesis Message Level                                         ; Medium             ; Medium             ;
; Disable Register Merging Across Hierarchies                                ; Auto               ; Auto               ;
; Resource Aware Inference For Block RAM                                     ; On                 ; On                 ;
; Synthesis Seed                                                             ; 1                  ; 1                  ;
+----------------------------------------------------------------------------+--------------------+--------------------+


Parallel compilation was disabled, but you have multiple processors available. Enable parallel compilation to reduce compilation time.
+-------------------------------------+
; Parallel Compilation                ;
+----------------------------+--------+
; Processors                 ; Number ;
+----------------------------+--------+
; Number detected on machine ; 2      ;
; Maximum allowed            ; 1      ;
+----------------------------+--------+


+---------------------------------------------------------------------------------------------------------------------------------------------------------------+
; Analysis & Synthesis Source Files Read                                                                                                                        ;
+----------------------------------+-----------------+------------------------------+-----------------------------------------------------------------+---------+
; File Name with User-Entered Path ; Used in Netlist ; File Type                    ; File Name with Absolute Path                                    ; Library ;
+----------------------------------+-----------------+------------------------------+-----------------------------------------------------------------+---------+
; mem_pkg.vhd                      ; yes             ; User VHDL File               ; C:/Users/User/Desktop/Segundoproyecto/mem_pkg.vhd               ;         ;
; rom_sync.vhd                     ; yes             ; User VHDL File               ; C:/Users/User/Desktop/Segundoproyecto/rom_sync.vhd              ;         ;
; ram_sincrona.vhd                 ; yes             ; User VHDL File               ; C:/Users/User/Desktop/Segundoproyecto/ram_sincrona.vhd          ;         ;
; memory_controller.vhd            ; yes             ; User VHDL File               ; C:/Users/User/Desktop/Segundoproyecto/memory_controller.vhd     ;         ;
; memory_system_top.vhd            ; yes             ; User VHDL File               ; C:/Users/User/Desktop/Segundoproyecto/memory_system_top.vhd     ;         ;
; dec_7seg.vhd                     ; yes             ; Auto-Found VHDL File         ; C:/Users/User/Desktop/Segundoproyecto/dec_7seg.vhd              ;         ;
; altsyncram.tdf                   ; yes             ; Megafunction                 ; d:/altera/quartus/libraries/megafunctions/altsyncram.tdf        ;         ;
; stratix_ram_block.inc            ; yes             ; Megafunction                 ; d:/altera/quartus/libraries/megafunctions/stratix_ram_block.inc ;         ;
; lpm_mux.inc                      ; yes             ; Megafunction                 ; d:/altera/quartus/libraries/megafunctions/lpm_mux.inc           ;         ;
; lpm_decode.inc                   ; yes             ; Megafunction                 ; d:/altera/quartus/libraries/megafunctions/lpm_decode.inc        ;         ;
; aglobal131.inc                   ; yes             ; Megafunction                 ; d:/altera/quartus/libraries/megafunctions/aglobal131.inc        ;         ;
; a_rdenreg.inc                    ; yes             ; Megafunction                 ; d:/altera/quartus/libraries/megafunctions/a_rdenreg.inc         ;         ;
; altrom.inc                       ; yes             ; Megafunction                 ; d:/altera/quartus/libraries/megafunctions/altrom.inc            ;         ;
; altram.inc                       ; yes             ; Megafunction                 ; d:/altera/quartus/libraries/megafunctions/altram.inc            ;         ;
; altdpram.inc                     ; yes             ; Megafunction                 ; d:/altera/quartus/libraries/megafunctions/altdpram.inc          ;         ;
; db/altsyncram_aki1.tdf           ; yes             ; Auto-Generated Megafunction  ; C:/Users/User/Desktop/Segundoproyecto/db/altsyncram_aki1.tdf    ;         ;
+----------------------------------+-----------------+------------------------------+-----------------------------------------------------------------+---------+


+---------------------------------------------------------+
; Analysis & Synthesis Resource Usage Summary             ;
+---------------------------------------------+-----------+
; Resource                                    ; Usage     ;
+---------------------------------------------+-----------+
; Estimated Total logic elements              ; 102       ;
;                                             ;           ;
; Total combinational functions               ; 77        ;
; Logic element usage by number of LUT inputs ;           ;
;     -- 4 input functions                    ; 33        ;
;     -- 3 input functions                    ; 31        ;
;     -- <=2 input functions                  ; 13        ;
;                                             ;           ;
; Logic elements by mode                      ;           ;
;     -- normal mode                          ; 77        ;
;     -- arithmetic mode                      ; 0         ;
;                                             ;           ;
; Total registers                             ; 72        ;
;     -- Dedicated logic registers            ; 72        ;
;     -- I/O registers                        ; 0         ;
;                                             ;           ;
; I/O pins                                    ; 39        ;
; Total memory bits                           ; 128       ;
; Embedded Multiplier 9-bit elements          ; 0         ;
; Maximum fan-out node                        ; clk~input ;
; Maximum fan-out                             ; 80        ;
; Total fan-out                               ; 598       ;
; Average fan-out                             ; 2.54      ;
+---------------------------------------------+-----------+


+----------------------------------------------------------------------------------------------------------------------------------------------------------------------------------------------------------------------------------------------------------------------------------------------+
; Analysis & Synthesis Resource Utilization by Entity                                                                                                                                                                                                                                          ;
+----------------------------------------------+-------------------+--------------+-------------+--------------+---------+-----------+------+--------------+--------------------------------------------------------------------------------------------------------------------+--------------+
; Compilation Hierarchy Node                   ; LC Combinationals ; LC Registers ; Memory Bits ; DSP Elements ; DSP 9x9 ; DSP 18x18 ; Pins ; Virtual Pins ; Full Hierarchy Name                                                                                                ; Library Name ;
+----------------------------------------------+-------------------+--------------+-------------+--------------+---------+-----------+------+--------------+--------------------------------------------------------------------------------------------------------------------+--------------+
; |memory_system_top                           ; 77 (0)            ; 72 (0)       ; 128         ; 0            ; 0       ; 0         ; 39   ; 0            ; |memory_system_top                                                                                                 ; work         ;
;    |dec_7seg:u_hex0|                         ; 7 (7)             ; 0 (0)        ; 0           ; 0            ; 0       ; 0         ; 0    ; 0            ; |memory_system_top|dec_7seg:u_hex0                                                                                 ; work         ;
;    |dec_7seg:u_hex1|                         ; 7 (7)             ; 0 (0)        ; 0           ; 0            ; 0       ; 0         ; 0    ; 0            ; |memory_system_top|dec_7seg:u_hex1                                                                                 ; work         ;
;    |memory_controller:u_ctrl|                ; 63 (42)           ; 72 (39)      ; 128         ; 0            ; 0       ; 0         ; 0    ; 0            ; |memory_system_top|memory_controller:u_ctrl                                                                        ; work         ;
;       |ram_sincrona:u_ram|                   ; 13 (13)           ; 25 (25)      ; 128         ; 0            ; 0       ; 0         ; 0    ; 0            ; |memory_system_top|memory_controller:u_ctrl|ram_sincrona:u_ram                                                     ; work         ;
;          |altsyncram:mem_rtl_0|              ; 0 (0)             ; 0 (0)        ; 128         ; 0            ; 0       ; 0         ; 0    ; 0            ; |memory_system_top|memory_controller:u_ctrl|ram_sincrona:u_ram|altsyncram:mem_rtl_0                                ; work         ;
;             |altsyncram_aki1:auto_generated| ; 0 (0)             ; 0 (0)        ; 128         ; 0            ; 0       ; 0         ; 0    ; 0            ; |memory_system_top|memory_controller:u_ctrl|ram_sincrona:u_ram|altsyncram:mem_rtl_0|altsyncram_aki1:auto_generated ; work         ;
;       |rom_sync:u_rom|                       ; 8 (8)             ; 8 (8)        ; 0           ; 0            ; 0       ; 0         ; 0    ; 0            ; |memory_system_top|memory_controller:u_ctrl|rom_sync:u_rom                                                         ; work         ;
+----------------------------------------------+-------------------+--------------+-------------+--------------+---------+-----------+------+--------------+--------------------------------------------------------------------------------------------------------------------+--------------+
Note: For table entries with two numbers listed, the numbers in parentheses indicate the number of resources of the given type used by the specific entity alone. The numbers listed outside of parentheses indicate the total resources of the given type used by the specific entity and all of its sub-entities in the hierarchy.


+----------------------------------------------------------------------------------------------------------------------------------------------------------------------------------------------------------------+
; Analysis & Synthesis RAM Summary                                                                                                                                                                               ;
+------------------------------------------------------------------------------------------------------------+------+------------------+--------------+--------------+--------------+--------------+------+------+
; Name                                                                                                       ; Type ; Mode             ; Port A Depth ; Port A Width ; Port B Depth ; Port B Width ; Size ; MIF  ;
+------------------------------------------------------------------------------------------------------------+------+------------------+--------------+--------------+--------------+--------------+------+------+
; memory_controller:u_ctrl|ram_sincrona:u_ram|altsyncram:mem_rtl_0|altsyncram_aki1:auto_generated|ALTSYNCRAM ; M9K  ; Simple Dual Port ; 16           ; 8            ; 16           ; 8            ; 128  ; None ;
+------------------------------------------------------------------------------------------------------------+------+------------------+--------------+--------------+--------------+--------------+------+------+


Encoding Type:  One-Hot
+-------------------------------------------------------------------------------------------------------------------------------------+
; State Machine - |memory_system_top|memory_controller:u_ctrl|state                                                                   ;
+-----------------+---------------+----------------+-----------------+-----------------+----------------+----------------+------------+
; Name            ; state.ST_DONE ; state.READ_RAM ; state.WRITE_RAM ; state.WAIT_ROM2 ; state.WAIT_ROM ; state.READ_ROM ; state.IDLE ;
+-----------------+---------------+----------------+-----------------+-----------------+----------------+----------------+------------+
; state.IDLE      ; 0             ; 0              ; 0               ; 0               ; 0              ; 0              ; 0          ;
; state.READ_ROM  ; 0             ; 0              ; 0               ; 0               ; 0              ; 1              ; 1          ;
; state.WAIT_ROM  ; 0             ; 0              ; 0               ; 0               ; 1              ; 0              ; 1          ;
; state.WAIT_ROM2 ; 0             ; 0              ; 0               ; 1               ; 0              ; 0              ; 1          ;
; state.WRITE_RAM ; 0             ; 0              ; 1               ; 0               ; 0              ; 0              ; 1          ;
; state.READ_RAM  ; 0             ; 1              ; 0               ; 0               ; 0              ; 0              ; 1          ;
; state.ST_DONE   ; 1             ; 0              ; 0               ; 0               ; 0              ; 0              ; 1          ;
+-----------------+---------------+----------------+-----------------+-----------------+----------------+----------------+------------+


+------------------------------------------------------+
; General Register Statistics                          ;
+----------------------------------------------+-------+
; Statistic                                    ; Value ;
+----------------------------------------------+-------+
; Total registers                              ; 72    ;
; Number of registers using Synchronous Clear  ; 18    ;
; Number of registers using Synchronous Load   ; 0     ;
; Number of registers using Asynchronous Clear ; 0     ;
; Number of registers using Asynchronous Load  ; 0     ;
; Number of registers using Clock Enable       ; 36    ;
; Number of registers using Preset             ; 0     ;
+----------------------------------------------+-------+


+--------------------------------------------------------------------------------------------------------------------------+
; Registers Added for RAM Pass-Through Logic                                                                               ;
+------------------------------------------------------------------+-------------------------------------------------------+
; Register Name                                                    ; RAM Name                                              ;
+------------------------------------------------------------------+-------------------------------------------------------+
; memory_controller:u_ctrl|ram_sincrona:u_ram|mem_rtl_0_bypass[0]  ; memory_controller:u_ctrl|ram_sincrona:u_ram|mem_rtl_0 ;
; memory_controller:u_ctrl|ram_sincrona:u_ram|mem_rtl_0_bypass[1]  ; memory_controller:u_ctrl|ram_sincrona:u_ram|mem_rtl_0 ;
; memory_controller:u_ctrl|ram_sincrona:u_ram|mem_rtl_0_bypass[2]  ; memory_controller:u_ctrl|ram_sincrona:u_ram|mem_rtl_0 ;
; memory_controller:u_ctrl|ram_sincrona:u_ram|mem_rtl_0_bypass[3]  ; memory_controller:u_ctrl|ram_sincrona:u_ram|mem_rtl_0 ;
; memory_controller:u_ctrl|ram_sincrona:u_ram|mem_rtl_0_bypass[4]  ; memory_controller:u_ctrl|ram_sincrona:u_ram|mem_rtl_0 ;
; memory_controller:u_ctrl|ram_sincrona:u_ram|mem_rtl_0_bypass[5]  ; memory_controller:u_ctrl|ram_sincrona:u_ram|mem_rtl_0 ;
; memory_controller:u_ctrl|ram_sincrona:u_ram|mem_rtl_0_bypass[6]  ; memory_controller:u_ctrl|ram_sincrona:u_ram|mem_rtl_0 ;
; memory_controller:u_ctrl|ram_sincrona:u_ram|mem_rtl_0_bypass[7]  ; memory_controller:u_ctrl|ram_sincrona:u_ram|mem_rtl_0 ;
; memory_controller:u_ctrl|ram_sincrona:u_ram|mem_rtl_0_bypass[8]  ; memory_controller:u_ctrl|ram_sincrona:u_ram|mem_rtl_0 ;
; memory_controller:u_ctrl|ram_sincrona:u_ram|mem_rtl_0_bypass[9]  ; memory_controller:u_ctrl|ram_sincrona:u_ram|mem_rtl_0 ;
; memory_controller:u_ctrl|ram_sincrona:u_ram|mem_rtl_0_bypass[10] ; memory_controller:u_ctrl|ram_sincrona:u_ram|mem_rtl_0 ;
; memory_controller:u_ctrl|ram_sincrona:u_ram|mem_rtl_0_bypass[11] ; memory_controller:u_ctrl|ram_sincrona:u_ram|mem_rtl_0 ;
; memory_controller:u_ctrl|ram_sincrona:u_ram|mem_rtl_0_bypass[12] ; memory_controller:u_ctrl|ram_sincrona:u_ram|mem_rtl_0 ;
; memory_controller:u_ctrl|ram_sincrona:u_ram|mem_rtl_0_bypass[13] ; memory_controller:u_ctrl|ram_sincrona:u_ram|mem_rtl_0 ;
; memory_controller:u_ctrl|ram_sincrona:u_ram|mem_rtl_0_bypass[14] ; memory_controller:u_ctrl|ram_sincrona:u_ram|mem_rtl_0 ;
; memory_controller:u_ctrl|ram_sincrona:u_ram|mem_rtl_0_bypass[15] ; memory_controller:u_ctrl|ram_sincrona:u_ram|mem_rtl_0 ;
; memory_controller:u_ctrl|ram_sincrona:u_ram|mem_rtl_0_bypass[16] ; memory_controller:u_ctrl|ram_sincrona:u_ram|mem_rtl_0 ;
+------------------------------------------------------------------+-------------------------------------------------------+


+---------------------------------------------------------------------------------------------------------------------------------------------------------------------------------------+
; Multiplexer Restructuring Statistics (Restructuring Performed)                                                                                                                        ;
+--------------------+-----------+---------------+----------------------+------------------------+------------+-------------------------------------------------------------------------+
; Multiplexer Inputs ; Bus Width ; Baseline Area ; Area if Restructured ; Saving if Restructured ; Registered ; Example Multiplexer Output                                              ;
+--------------------+-----------+---------------+----------------------+------------------------+------------+-------------------------------------------------------------------------+
; 3:1                ; 4 bits    ; 8 LEs         ; 4 LEs                ; 4 LEs                  ; Yes        ; |memory_system_top|memory_controller:u_ctrl|rom_addr[0]                 ;
; 3:1                ; 8 bits    ; 16 LEs        ; 8 LEs                ; 8 LEs                  ; Yes        ; |memory_system_top|memory_controller:u_ctrl|ram_sincrona:u_ram|q_reg[3] ;
; 4:1                ; 8 bits    ; 16 LEs        ; 16 LEs               ; 0 LEs                  ; Yes        ; |memory_system_top|memory_controller:u_ctrl|ram_din[1]                  ;
; 4:1                ; 4 bits    ; 8 LEs         ; 8 LEs                ; 0 LEs                  ; No         ; |memory_system_top|memory_controller:u_ctrl|ram_addr                    ;
+--------------------+-----------+---------------+----------------------+------------------------+------------+-------------------------------------------------------------------------+


+------------------------------------------------------------------------------------------------------------------------+
; Source assignments for memory_controller:u_ctrl|ram_sincrona:u_ram|altsyncram:mem_rtl_0|altsyncram_aki1:auto_generated ;
+---------------------------------+--------------------+------+----------------------------------------------------------+
; Assignment                      ; Value              ; From ; To                                                       ;
+---------------------------------+--------------------+------+----------------------------------------------------------+
; OPTIMIZE_POWER_DURING_SYNTHESIS ; NORMAL_COMPILATION ; -    ; -                                                        ;
+---------------------------------+--------------------+------+----------------------------------------------------------+


+------------------------------------------------------------------------------------------+
; Parameter Settings for User Entity Instance: memory_controller:u_ctrl|ram_sincrona:u_ram ;
+----------------+------------+------------------------------------------------------------+
; Parameter Name ; Value      ; Type                                                       ;
+----------------+------------+------------------------------------------------------------+
; data_width     ; 8          ; Signed Integer                                             ;
; addr_width     ; 4          ; Signed Integer                                             ;
; rdw_mode       ; READ_FIRST ; String                                                     ;
+----------------+------------+------------------------------------------------------------+
Note: In order to hide this table in the UI and the text report file, please set the "Show Parameter Settings in Synthesis Report" option in "Analysis and Synthesis Settings -> More Settings" to "Off".


+-------------------------------------------------------------------------------------------------------------------+
; Parameter Settings for Inferred Entity Instance: memory_controller:u_ctrl|ram_sincrona:u_ram|altsyncram:mem_rtl_0 ;
+------------------------------------+----------------------+-------------------------------------------------------+
; Parameter Name                     ; Value                ; Type                                                  ;
+------------------------------------+----------------------+-------------------------------------------------------+
; BYTE_SIZE_BLOCK                    ; 8                    ; Untyped                                               ;
; AUTO_CARRY_CHAINS                  ; ON                   ; AUTO_CARRY                                            ;
; IGNORE_CARRY_BUFFERS               ; OFF                  ; IGNORE_CARRY                                          ;
; AUTO_CASCADE_CHAINS                ; ON                   ; AUTO_CASCADE                                          ;
; IGNORE_CASCADE_BUFFERS             ; OFF                  ; IGNORE_CASCADE                                        ;
; WIDTH_BYTEENA                      ; 1                    ; Untyped                                               ;
; OPERATION_MODE                     ; DUAL_PORT            ; Untyped                                               ;
; WIDTH_A                            ; 8                    ; Untyped                                               ;
; WIDTHAD_A                          ; 4                    ; Untyped                                               ;
; NUMWORDS_A                         ; 16                   ; Untyped                                               ;
; OUTDATA_REG_A                      ; UNREGISTERED         ; Untyped                                               ;
; ADDRESS_ACLR_A                     ; NONE                 ; Untyped                                               ;
; OUTDATA_ACLR_A                     ; NONE                 ; Untyped                                               ;
; WRCONTROL_ACLR_A                   ; NONE                 ; Untyped                                               ;
; INDATA_ACLR_A                      ; NONE                 ; Untyped                                               ;
; BYTEENA_ACLR_A                     ; NONE                 ; Untyped                                               ;
; WIDTH_B                            ; 8                    ; Untyped                                               ;
; WIDTHAD_B                          ; 4                    ; Untyped                                               ;
; NUMWORDS_B                         ; 16                   ; Untyped                                               ;
; INDATA_REG_B                       ; CLOCK1               ; Untyped                                               ;
; WRCONTROL_WRADDRESS_REG_B          ; CLOCK1               ; Untyped                                               ;
; RDCONTROL_REG_B                    ; CLOCK1               ; Untyped                                               ;
; ADDRESS_REG_B                      ; CLOCK0               ; Untyped                                               ;
; OUTDATA_REG_B                      ; UNREGISTERED         ; Untyped                                               ;
; BYTEENA_REG_B                      ; CLOCK1               ; Untyped                                               ;
; INDATA_ACLR_B                      ; NONE                 ; Untyped                                               ;
; WRCONTROL_ACLR_B                   ; NONE                 ; Untyped                                               ;
; ADDRESS_ACLR_B                     ; NONE                 ; Untyped                                               ;
; OUTDATA_ACLR_B                     ; NONE                 ; Untyped                                               ;
; RDCONTROL_ACLR_B                   ; NONE                 ; Untyped                                               ;
; BYTEENA_ACLR_B                     ; NONE                 ; Untyped                                               ;
; WIDTH_BYTEENA_A                    ; 1                    ; Untyped                                               ;
; WIDTH_BYTEENA_B                    ; 1                    ; Untyped                                               ;
; RAM_BLOCK_TYPE                     ; M9K                  ; Untyped                                               ;
; BYTE_SIZE                          ; 8                    ; Untyped                                               ;
; READ_DURING_WRITE_MODE_MIXED_PORTS ; OLD_DATA             ; Untyped                                               ;
; READ_DURING_WRITE_MODE_PORT_A      ; NEW_DATA_NO_NBE_READ ; Untyped                                               ;
; READ_DURING_WRITE_MODE_PORT_B      ; NEW_DATA_NO_NBE_READ ; Untyped                                               ;
; INIT_FILE                          ; UNUSED               ; Untyped                                               ;
; INIT_FILE_LAYOUT                   ; PORT_A               ; Untyped                                               ;
; MAXIMUM_DEPTH                      ; 0                    ; Untyped                                               ;
; CLOCK_ENABLE_INPUT_A               ; NORMAL               ; Untyped                                               ;
; CLOCK_ENABLE_INPUT_B               ; NORMAL               ; Untyped                                               ;
; CLOCK_ENABLE_OUTPUT_A              ; NORMAL               ; Untyped                                               ;
; CLOCK_ENABLE_OUTPUT_B              ; NORMAL               ; Untyped                                               ;
; CLOCK_ENABLE_CORE_A                ; USE_INPUT_CLKEN      ; Untyped                                               ;
; CLOCK_ENABLE_CORE_B                ; USE_INPUT_CLKEN      ; Untyped                                               ;
; ENABLE_ECC                         ; FALSE                ; Untyped                                               ;
; ECC_PIPELINE_STAGE_ENABLED         ; FALSE                ; Untyped                                               ;
; WIDTH_ECCSTATUS                    ; 3                    ; Untyped                                               ;
; DEVICE_FAMILY                      ; Cyclone III          ; Untyped                                               ;
; CBXI_PARAMETER                     ; altsyncram_aki1      ; Untyped                                               ;
+------------------------------------+----------------------+-------------------------------------------------------+
Note: In order to hide this table in the UI and the text report file, please set the "Show Parameter Settings in Synthesis Report" option in "Analysis and Synthesis Settings -> More Settings" to "Off".


+--------------------------------------------------------------------------------------------------------------+
; altsyncram Parameter Settings by Entity Instance                                                             ;
+-------------------------------------------+------------------------------------------------------------------+
; Name                                      ; Value                                                            ;
+-------------------------------------------+------------------------------------------------------------------+
; Number of entity instances                ; 1                                                                ;
; Entity Instance                           ; memory_controller:u_ctrl|ram_sincrona:u_ram|altsyncram:mem_rtl_0 ;
;     -- OPERATION_MODE                     ; DUAL_PORT                                                        ;
;     -- WIDTH_A                            ; 8                                                                ;
;     -- NUMWORDS_A                         ; 16                                                               ;
;     -- OUTDATA_REG_A                      ; UNREGISTERED                                                     ;
;     -- WIDTH_B                            ; 8                                                                ;
;     -- NUMWORDS_B                         ; 16                                                               ;
;     -- ADDRESS_REG_B                      ; CLOCK0                                                           ;
;     -- OUTDATA_REG_B                      ; UNREGISTERED                                                     ;
;     -- RAM_BLOCK_TYPE                     ; M9K                                                              ;
;     -- READ_DURING_WRITE_MODE_MIXED_PORTS ; OLD_DATA                                                         ;
+-------------------------------------------+------------------------------------------------------------------+


+-------------------------------+
; Elapsed Time Per Partition    ;
+----------------+--------------+
; Partition Name ; Elapsed Time ;
+----------------+--------------+
; Top            ; 00:00:05     ;
+----------------+--------------+


+-------------------------------+
; Analysis & Synthesis Messages ;
+-------------------------------+
Info: *******************************************************************
Info: Running Quartus II 64-Bit Analysis & Synthesis
    Info: Version 13.1.0 Build 162 10/23/2013 SJ Web Edition
    Info: Processing started: Sat May 02 17:00:50 2026
Info: Command: quartus_map --read_settings_files=on --write_settings_files=off MemoriaRAM_ROM -c MemoriaRAM_ROM
Warning (20028): Parallel compilation is not licensed and has been disabled
Info (12021): Found 2 design units, including 0 entities, in source file mem_pkg.vhd
    Info (12022): Found design unit 1: mem_pkg
    Info (12022): Found design unit 2: mem_pkg-body
Info (12021): Found 2 design units, including 1 entities, in source file rom_sync.vhd
    Info (12022): Found design unit 1: rom_sync-rtl
    Info (12023): Found entity 1: rom_sync
Info (12021): Found 2 design units, including 1 entities, in source file ram_sincrona.vhd
    Info (12022): Found design unit 1: ram_sincrona-rtl
    Info (12023): Found entity 1: ram_sincrona
Info (12021): Found 2 design units, including 1 entities, in source file memory_controller.vhd
    Info (12022): Found design unit 1: memory_controller-rtl
    Info (12023): Found entity 1: memory_controller
Info (12021): Found 2 design units, including 1 entities, in source file memory_system_top.vhd
    Info (12022): Found design unit 1: memory_system_top-structural
    Info (12023): Found entity 1: memory_system_top
Info (12021): Found 2 design units, including 1 entities, in source file tb_memory_system.vhd
    Info (12022): Found design unit 1: tb_memory_system-sim
    Info (12023): Found entity 1: tb_memory_system
Info (12127): Elaborating entity "memory_system_top" for the top level hierarchy
Info (12128): Elaborating entity "memory_controller" for hierarchy "memory_controller:u_ctrl"
Info (12128): Elaborating entity "rom_sync" for hierarchy "memory_controller:u_ctrl|rom_sync:u_rom"
Info (12128): Elaborating entity "ram_sincrona" for hierarchy "memory_controller:u_ctrl|ram_sincrona:u_ram"
Warning (12125): Using design file dec_7seg.vhd, which is not specified as a design file for the current project, but contains definitions for 2 design units and 1 entities in project
    Info (12022): Found design unit 1: dec_7seg-behavior
    Info (12023): Found entity 1: dec_7seg
Info (12128): Elaborating entity "dec_7seg" for hierarchy "dec_7seg:u_hex0"
Warning (276020): Inferred RAM node "memory_controller:u_ctrl|ram_sincrona:u_ram|mem_rtl_0" from synchronous design logic.  Pass-through logic has been added to match the read-during-write behavior of the original design.
Info (19000): Inferred 1 megafunctions from design logic
    Info (276029): Inferred altsyncram megafunction from the following design logic: "memory_controller:u_ctrl|ram_sincrona:u_ram|mem_rtl_0" 
        Info (286033): Parameter OPERATION_MODE set to DUAL_PORT
        Info (286033): Parameter WIDTH_A set to 8
        Info (286033): Parameter WIDTHAD_A set to 4
        Info (286033): Parameter NUMWORDS_A set to 16
        Info (286033): Parameter WIDTH_B set to 8
        Info (286033): Parameter WIDTHAD_B set to 4
        Info (286033): Parameter NUMWORDS_B set to 16
        Info (286033): Parameter ADDRESS_ACLR_A set to NONE
        Info (286033): Parameter OUTDATA_REG_B set to UNREGISTERED
        Info (286033): Parameter ADDRESS_ACLR_B set to NONE
        Info (286033): Parameter OUTDATA_ACLR_B set to NONE
        Info (286033): Parameter ADDRESS_REG_B set to CLOCK0
        Info (286033): Parameter INDATA_ACLR_A set to NONE
        Info (286033): Parameter WRCONTROL_ACLR_A set to NONE
        Info (286033): Parameter RAM_BLOCK_TYPE set to M9K
        Info (286033): Parameter READ_DURING_WRITE_MODE_MIXED_PORTS set to OLD_DATA
Info (12130): Elaborated megafunction instantiation "memory_controller:u_ctrl|ram_sincrona:u_ram|altsyncram:mem_rtl_0"
Info (12133): Instantiated megafunction "memory_controller:u_ctrl|ram_sincrona:u_ram|altsyncram:mem_rtl_0" with the following parameter:
    Info (12134): Parameter "OPERATION_MODE" = "DUAL_PORT"
    Info (12134): Parameter "WIDTH_A" = "8"
    Info (12134): Parameter "WIDTHAD_A" = "4"
    Info (12134): Parameter "NUMWORDS_A" = "16"
    Info (12134): Parameter "WIDTH_B" = "8"
    Info (12134): Parameter "WIDTHAD_B" = "4"
    Info (12134): Parameter "NUMWORDS_B" = "16"
    Info (12134): Parameter "ADDRESS_ACLR_A" = "NONE"
    Info (12134): Parameter "OUTDATA_REG_B" = "UNREGISTERED"
    Info (12134): Parameter "ADDRESS_ACLR_B" = "NONE"
    Info (12134): Parameter "OUTDATA_ACLR_B" = "NONE"
    Info (12134): Parameter "ADDRESS_REG_B" = "CLOCK0"
    Info (12134): Parameter "INDATA_ACLR_A" = "NONE"
    Info (12134): Parameter "WRCONTROL_ACLR_A" = "NONE"
    Info (12134): Parameter "RAM_BLOCK_TYPE" = "M9K"
    Info (12134): Parameter "READ_DURING_WRITE_MODE_MIXED_PORTS" = "OLD_DATA"
Info (12021): Found 1 design units, including 1 entities, in source file db/altsyncram_aki1.tdf
    Info (12023): Found entity 1: altsyncram_aki1
Info (286030): Timing-Driven Synthesis is running
Info (16010): Generating hard_block partition "hard_block:auto_generated_inst"
    Info (16011): Adding 0 node(s), including 0 DDIO, 0 PLL, 0 transceiver and 0 LCELL
Info (21057): Implemented 154 device resources after synthesis - the final resource count might be different
    Info (21058): Implemented 16 input pins
    Info (21059): Implemented 23 output pins
    Info (21061): Implemented 107 logic cells
    Info (21064): Implemented 8 RAM segments
Info: Quartus II 64-Bit Analysis & Synthesis was successful. 0 errors, 3 warnings
    Info: Peak virtual memory: 4686 megabytes
    Info: Processing ended: Sat May 02 17:01:02 2026
    Info: Elapsed time: 00:00:12
    Info: Total CPU time (on all processors): 00:00:04


